:: loading settings :: url = jar:file:/opt/bitnami/spark/jars/ivy-2.4.0.jar!/org/apache/ivy/core/settings/ivysettings.xml
Ivy Default Cache set to: /opt/bitnami/spark/.ivy2/cache
The jars for the packages stored in: /opt/bitnami/spark/.ivy2/jars
org.apache.spark#spark-sql-kafka-0-10_2.12 added as a dependency
:: resolving dependencies :: org.apache.spark#spark-submit-parent-a7819bdf-9e99-4710-8e6d-5c83458b9268;1.0
	confs: [default]
	found org.apache.spark#spark-sql-kafka-0-10_2.12;3.1.1 in central
	found org.apache.spark#spark-token-provider-kafka-0-10_2.12;3.1.1 in central
	found org.apache.kafka#kafka-clients;2.6.0 in central
	found com.github.luben#zstd-jni;1.4.8-1 in central
	found org.lz4#lz4-java;1.7.1 in central
	found org.xerial.snappy#snappy-java;1.1.8.2 in central
	found org.slf4j#slf4j-api;1.7.30 in central
	found org.spark-project.spark#unused;1.0.0 in central
	found org.apache.commons#commons-pool2;2.6.2 in central
:: resolution report :: resolve 580ms :: artifacts dl 82ms
	:: modules in use:
	com.github.luben#zstd-jni;1.4.8-1 from central in [default]
	org.apache.commons#commons-pool2;2.6.2 from central in [default]
	org.apache.kafka#kafka-clients;2.6.0 from central in [default]
	org.apache.spark#spark-sql-kafka-0-10_2.12;3.1.1 from central in [default]
	org.apache.spark#spark-token-provider-kafka-0-10_2.12;3.1.1 from central in [default]
	org.lz4#lz4-java;1.7.1 from central in [default]
	org.slf4j#slf4j-api;1.7.30 from central in [default]
	org.spark-project.spark#unused;1.0.0 from central in [default]
	org.xerial.snappy#snappy-java;1.1.8.2 from central in [default]
	---------------------------------------------------------------------
	|                  |            modules            ||   artifacts   |
	|       conf       | number| search|dwnlded|evicted|| number|dwnlded|
	---------------------------------------------------------------------
	|      default     |   9   |   0   |   0   |   0   ||   9   |   0   |
	---------------------------------------------------------------------
:: retrieving :: org.apache.spark#spark-submit-parent-a7819bdf-9e99-4710-8e6d-5c83458b9268
	confs: [default]
	0 artifacts copied, 9 already retrieved (0kB/18ms)
21/04/29 13:09:37 WARN NativeCodeLoader: Unable to load native-hadoop library for your platform... using builtin-java classes where applicable
Using Spark's default log4j profile: org/apache/spark/log4j-defaults.properties
21/04/29 13:09:38 INFO SparkContext: Running Spark version 3.1.1
21/04/29 13:09:38 INFO ResourceUtils: ==============================================================
21/04/29 13:09:38 INFO ResourceUtils: No custom resources configured for spark.driver.
21/04/29 13:09:38 INFO ResourceUtils: ==============================================================
21/04/29 13:09:38 INFO SparkContext: Submitted application: EventsKafkaStreamToConsole
21/04/29 13:09:38 INFO ResourceProfile: Default ResourceProfile created, executor resources: Map(cores -> name: cores, amount: 1, script: , vendor: , memory -> name: memory, amount: 1024, script: , vendor: , offHeap -> name: offHeap, amount: 0, script: , vendor: ), task resources: Map(cpus -> name: cpus, amount: 1.0)
21/04/29 13:09:38 INFO ResourceProfile: Limiting resource is cpu
21/04/29 13:09:38 INFO ResourceProfileManager: Added ResourceProfile id: 0
21/04/29 13:09:38 INFO SecurityManager: Changing view acls to: spark
21/04/29 13:09:38 INFO SecurityManager: Changing modify acls to: spark
21/04/29 13:09:38 INFO SecurityManager: Changing view acls groups to: 
21/04/29 13:09:38 INFO SecurityManager: Changing modify acls groups to: 
21/04/29 13:09:38 INFO SecurityManager: SecurityManager: authentication disabled; ui acls disabled; users  with view permissions: Set(spark); groups with view permissions: Set(); users  with modify permissions: Set(spark); groups with modify permissions: Set()
21/04/29 13:09:38 INFO Utils: Successfully started service 'sparkDriver' on port 46639.
21/04/29 13:09:38 INFO SparkEnv: Registering MapOutputTracker
21/04/29 13:09:38 INFO SparkEnv: Registering BlockManagerMaster
21/04/29 13:09:38 INFO BlockManagerMasterEndpoint: Using org.apache.spark.storage.DefaultTopologyMapper for getting topology information
21/04/29 13:09:38 INFO BlockManagerMasterEndpoint: BlockManagerMasterEndpoint up
21/04/29 13:09:38 INFO SparkEnv: Registering BlockManagerMasterHeartbeat
21/04/29 13:09:38 INFO DiskBlockManager: Created local directory at /tmp/blockmgr-88172bb9-a2c5-473a-a8f8-16a7090b9d2f
21/04/29 13:09:38 INFO MemoryStore: MemoryStore started with capacity 366.3 MiB
21/04/29 13:09:39 INFO SparkEnv: Registering OutputCommitCoordinator
21/04/29 13:09:39 WARN Utils: Service 'SparkUI' could not bind on port 4040. Attempting port 4041.
21/04/29 13:09:39 INFO Utils: Successfully started service 'SparkUI' on port 4041.
21/04/29 13:09:39 INFO SparkUI: Bound SparkUI to 0.0.0.0, and started at http://9eef85b7ddb7:4041
21/04/29 13:09:39 INFO SparkContext: Added JAR file:///opt/bitnami/spark/.ivy2/jars/org.apache.spark_spark-sql-kafka-0-10_2.12-3.1.1.jar at spark://9eef85b7ddb7:46639/jars/org.apache.spark_spark-sql-kafka-0-10_2.12-3.1.1.jar with timestamp 1619701778368
21/04/29 13:09:39 INFO SparkContext: Added JAR file:///opt/bitnami/spark/.ivy2/jars/org.apache.spark_spark-token-provider-kafka-0-10_2.12-3.1.1.jar at spark://9eef85b7ddb7:46639/jars/org.apache.spark_spark-token-provider-kafka-0-10_2.12-3.1.1.jar with timestamp 1619701778368
21/04/29 13:09:39 INFO SparkContext: Added JAR file:///opt/bitnami/spark/.ivy2/jars/org.apache.kafka_kafka-clients-2.6.0.jar at spark://9eef85b7ddb7:46639/jars/org.apache.kafka_kafka-clients-2.6.0.jar with timestamp 1619701778368
21/04/29 13:09:39 INFO SparkContext: Added JAR file:///opt/bitnami/spark/.ivy2/jars/org.apache.commons_commons-pool2-2.6.2.jar at spark://9eef85b7ddb7:46639/jars/org.apache.commons_commons-pool2-2.6.2.jar with timestamp 1619701778368
21/04/29 13:09:39 INFO SparkContext: Added JAR file:///opt/bitnami/spark/.ivy2/jars/org.spark-project.spark_unused-1.0.0.jar at spark://9eef85b7ddb7:46639/jars/org.spark-project.spark_unused-1.0.0.jar with timestamp 1619701778368
21/04/29 13:09:39 INFO SparkContext: Added JAR file:///opt/bitnami/spark/.ivy2/jars/com.github.luben_zstd-jni-1.4.8-1.jar at spark://9eef85b7ddb7:46639/jars/com.github.luben_zstd-jni-1.4.8-1.jar with timestamp 1619701778368
21/04/29 13:09:39 INFO SparkContext: Added JAR file:///opt/bitnami/spark/.ivy2/jars/org.lz4_lz4-java-1.7.1.jar at spark://9eef85b7ddb7:46639/jars/org.lz4_lz4-java-1.7.1.jar with timestamp 1619701778368
21/04/29 13:09:39 INFO SparkContext: Added JAR file:///opt/bitnami/spark/.ivy2/jars/org.xerial.snappy_snappy-java-1.1.8.2.jar at spark://9eef85b7ddb7:46639/jars/org.xerial.snappy_snappy-java-1.1.8.2.jar with timestamp 1619701778368
21/04/29 13:09:39 INFO SparkContext: Added JAR file:///opt/bitnami/spark/.ivy2/jars/org.slf4j_slf4j-api-1.7.30.jar at spark://9eef85b7ddb7:46639/jars/org.slf4j_slf4j-api-1.7.30.jar with timestamp 1619701778368
21/04/29 13:09:39 INFO SparkContext: Added file file:///opt/bitnami/spark/.ivy2/jars/org.apache.spark_spark-sql-kafka-0-10_2.12-3.1.1.jar at file:///opt/bitnami/spark/.ivy2/jars/org.apache.spark_spark-sql-kafka-0-10_2.12-3.1.1.jar with timestamp 1619701778368
21/04/29 13:09:39 INFO Utils: Copying /opt/bitnami/spark/.ivy2/jars/org.apache.spark_spark-sql-kafka-0-10_2.12-3.1.1.jar to /tmp/spark-0ef89358-ee45-4608-ae98-67ad5a077721/userFiles-3e5370f6-5b8c-4899-9d6b-0567af5b0f18/org.apache.spark_spark-sql-kafka-0-10_2.12-3.1.1.jar
21/04/29 13:09:39 INFO SparkContext: Added file file:///opt/bitnami/spark/.ivy2/jars/org.apache.spark_spark-token-provider-kafka-0-10_2.12-3.1.1.jar at file:///opt/bitnami/spark/.ivy2/jars/org.apache.spark_spark-token-provider-kafka-0-10_2.12-3.1.1.jar with timestamp 1619701778368
21/04/29 13:09:39 INFO Utils: Copying /opt/bitnami/spark/.ivy2/jars/org.apache.spark_spark-token-provider-kafka-0-10_2.12-3.1.1.jar to /tmp/spark-0ef89358-ee45-4608-ae98-67ad5a077721/userFiles-3e5370f6-5b8c-4899-9d6b-0567af5b0f18/org.apache.spark_spark-token-provider-kafka-0-10_2.12-3.1.1.jar
21/04/29 13:09:39 INFO SparkContext: Added file file:///opt/bitnami/spark/.ivy2/jars/org.apache.kafka_kafka-clients-2.6.0.jar at file:///opt/bitnami/spark/.ivy2/jars/org.apache.kafka_kafka-clients-2.6.0.jar with timestamp 1619701778368
21/04/29 13:09:39 INFO Utils: Copying /opt/bitnami/spark/.ivy2/jars/org.apache.kafka_kafka-clients-2.6.0.jar to /tmp/spark-0ef89358-ee45-4608-ae98-67ad5a077721/userFiles-3e5370f6-5b8c-4899-9d6b-0567af5b0f18/org.apache.kafka_kafka-clients-2.6.0.jar
21/04/29 13:09:39 INFO SparkContext: Added file file:///opt/bitnami/spark/.ivy2/jars/org.apache.commons_commons-pool2-2.6.2.jar at file:///opt/bitnami/spark/.ivy2/jars/org.apache.commons_commons-pool2-2.6.2.jar with timestamp 1619701778368
21/04/29 13:09:39 INFO Utils: Copying /opt/bitnami/spark/.ivy2/jars/org.apache.commons_commons-pool2-2.6.2.jar to /tmp/spark-0ef89358-ee45-4608-ae98-67ad5a077721/userFiles-3e5370f6-5b8c-4899-9d6b-0567af5b0f18/org.apache.commons_commons-pool2-2.6.2.jar
21/04/29 13:09:39 INFO SparkContext: Added file file:///opt/bitnami/spark/.ivy2/jars/org.spark-project.spark_unused-1.0.0.jar at file:///opt/bitnami/spark/.ivy2/jars/org.spark-project.spark_unused-1.0.0.jar with timestamp 1619701778368
21/04/29 13:09:39 INFO Utils: Copying /opt/bitnami/spark/.ivy2/jars/org.spark-project.spark_unused-1.0.0.jar to /tmp/spark-0ef89358-ee45-4608-ae98-67ad5a077721/userFiles-3e5370f6-5b8c-4899-9d6b-0567af5b0f18/org.spark-project.spark_unused-1.0.0.jar
21/04/29 13:09:39 INFO SparkContext: Added file file:///opt/bitnami/spark/.ivy2/jars/com.github.luben_zstd-jni-1.4.8-1.jar at file:///opt/bitnami/spark/.ivy2/jars/com.github.luben_zstd-jni-1.4.8-1.jar with timestamp 1619701778368
21/04/29 13:09:39 INFO Utils: Copying /opt/bitnami/spark/.ivy2/jars/com.github.luben_zstd-jni-1.4.8-1.jar to /tmp/spark-0ef89358-ee45-4608-ae98-67ad5a077721/userFiles-3e5370f6-5b8c-4899-9d6b-0567af5b0f18/com.github.luben_zstd-jni-1.4.8-1.jar
21/04/29 13:09:39 INFO SparkContext: Added file file:///opt/bitnami/spark/.ivy2/jars/org.lz4_lz4-java-1.7.1.jar at file:///opt/bitnami/spark/.ivy2/jars/org.lz4_lz4-java-1.7.1.jar with timestamp 1619701778368
21/04/29 13:09:39 INFO Utils: Copying /opt/bitnami/spark/.ivy2/jars/org.lz4_lz4-java-1.7.1.jar to /tmp/spark-0ef89358-ee45-4608-ae98-67ad5a077721/userFiles-3e5370f6-5b8c-4899-9d6b-0567af5b0f18/org.lz4_lz4-java-1.7.1.jar
21/04/29 13:09:39 INFO SparkContext: Added file file:///opt/bitnami/spark/.ivy2/jars/org.xerial.snappy_snappy-java-1.1.8.2.jar at file:///opt/bitnami/spark/.ivy2/jars/org.xerial.snappy_snappy-java-1.1.8.2.jar with timestamp 1619701778368
21/04/29 13:09:39 INFO Utils: Copying /opt/bitnami/spark/.ivy2/jars/org.xerial.snappy_snappy-java-1.1.8.2.jar to /tmp/spark-0ef89358-ee45-4608-ae98-67ad5a077721/userFiles-3e5370f6-5b8c-4899-9d6b-0567af5b0f18/org.xerial.snappy_snappy-java-1.1.8.2.jar
21/04/29 13:09:39 INFO SparkContext: Added file file:///opt/bitnami/spark/.ivy2/jars/org.slf4j_slf4j-api-1.7.30.jar at file:///opt/bitnami/spark/.ivy2/jars/org.slf4j_slf4j-api-1.7.30.jar with timestamp 1619701778368
21/04/29 13:09:39 INFO Utils: Copying /opt/bitnami/spark/.ivy2/jars/org.slf4j_slf4j-api-1.7.30.jar to /tmp/spark-0ef89358-ee45-4608-ae98-67ad5a077721/userFiles-3e5370f6-5b8c-4899-9d6b-0567af5b0f18/org.slf4j_slf4j-api-1.7.30.jar
21/04/29 13:09:39 INFO Executor: Starting executor ID driver on host 9eef85b7ddb7
21/04/29 13:09:39 INFO Executor: Fetching file:///opt/bitnami/spark/.ivy2/jars/org.xerial.snappy_snappy-java-1.1.8.2.jar with timestamp 1619701778368
21/04/29 13:09:39 INFO Utils: /opt/bitnami/spark/.ivy2/jars/org.xerial.snappy_snappy-java-1.1.8.2.jar has been previously copied to /tmp/spark-0ef89358-ee45-4608-ae98-67ad5a077721/userFiles-3e5370f6-5b8c-4899-9d6b-0567af5b0f18/org.xerial.snappy_snappy-java-1.1.8.2.jar
21/04/29 13:09:39 INFO Executor: Fetching file:///opt/bitnami/spark/.ivy2/jars/org.apache.spark_spark-token-provider-kafka-0-10_2.12-3.1.1.jar with timestamp 1619701778368
21/04/29 13:09:39 INFO Utils: /opt/bitnami/spark/.ivy2/jars/org.apache.spark_spark-token-provider-kafka-0-10_2.12-3.1.1.jar has been previously copied to /tmp/spark-0ef89358-ee45-4608-ae98-67ad5a077721/userFiles-3e5370f6-5b8c-4899-9d6b-0567af5b0f18/org.apache.spark_spark-token-provider-kafka-0-10_2.12-3.1.1.jar
21/04/29 13:09:39 INFO Executor: Fetching file:///opt/bitnami/spark/.ivy2/jars/com.github.luben_zstd-jni-1.4.8-1.jar with timestamp 1619701778368
21/04/29 13:09:39 INFO Utils: /opt/bitnami/spark/.ivy2/jars/com.github.luben_zstd-jni-1.4.8-1.jar has been previously copied to /tmp/spark-0ef89358-ee45-4608-ae98-67ad5a077721/userFiles-3e5370f6-5b8c-4899-9d6b-0567af5b0f18/com.github.luben_zstd-jni-1.4.8-1.jar
21/04/29 13:09:39 INFO Executor: Fetching file:///opt/bitnami/spark/.ivy2/jars/org.apache.spark_spark-sql-kafka-0-10_2.12-3.1.1.jar with timestamp 1619701778368
21/04/29 13:09:39 INFO Utils: /opt/bitnami/spark/.ivy2/jars/org.apache.spark_spark-sql-kafka-0-10_2.12-3.1.1.jar has been previously copied to /tmp/spark-0ef89358-ee45-4608-ae98-67ad5a077721/userFiles-3e5370f6-5b8c-4899-9d6b-0567af5b0f18/org.apache.spark_spark-sql-kafka-0-10_2.12-3.1.1.jar
21/04/29 13:09:39 INFO Executor: Fetching file:///opt/bitnami/spark/.ivy2/jars/org.apache.commons_commons-pool2-2.6.2.jar with timestamp 1619701778368
21/04/29 13:09:39 INFO Utils: /opt/bitnami/spark/.ivy2/jars/org.apache.commons_commons-pool2-2.6.2.jar has been previously copied to /tmp/spark-0ef89358-ee45-4608-ae98-67ad5a077721/userFiles-3e5370f6-5b8c-4899-9d6b-0567af5b0f18/org.apache.commons_commons-pool2-2.6.2.jar
21/04/29 13:09:39 INFO Executor: Fetching file:///opt/bitnami/spark/.ivy2/jars/org.spark-project.spark_unused-1.0.0.jar with timestamp 1619701778368
21/04/29 13:09:39 INFO Utils: /opt/bitnami/spark/.ivy2/jars/org.spark-project.spark_unused-1.0.0.jar has been previously copied to /tmp/spark-0ef89358-ee45-4608-ae98-67ad5a077721/userFiles-3e5370f6-5b8c-4899-9d6b-0567af5b0f18/org.spark-project.spark_unused-1.0.0.jar
21/04/29 13:09:39 INFO Executor: Fetching file:///opt/bitnami/spark/.ivy2/jars/org.lz4_lz4-java-1.7.1.jar with timestamp 1619701778368
21/04/29 13:09:39 INFO Utils: /opt/bitnami/spark/.ivy2/jars/org.lz4_lz4-java-1.7.1.jar has been previously copied to /tmp/spark-0ef89358-ee45-4608-ae98-67ad5a077721/userFiles-3e5370f6-5b8c-4899-9d6b-0567af5b0f18/org.lz4_lz4-java-1.7.1.jar
21/04/29 13:09:39 INFO Executor: Fetching file:///opt/bitnami/spark/.ivy2/jars/org.apache.kafka_kafka-clients-2.6.0.jar with timestamp 1619701778368
21/04/29 13:09:39 INFO Utils: /opt/bitnami/spark/.ivy2/jars/org.apache.kafka_kafka-clients-2.6.0.jar has been previously copied to /tmp/spark-0ef89358-ee45-4608-ae98-67ad5a077721/userFiles-3e5370f6-5b8c-4899-9d6b-0567af5b0f18/org.apache.kafka_kafka-clients-2.6.0.jar
21/04/29 13:09:39 INFO Executor: Fetching file:///opt/bitnami/spark/.ivy2/jars/org.slf4j_slf4j-api-1.7.30.jar with timestamp 1619701778368
21/04/29 13:09:39 INFO Utils: /opt/bitnami/spark/.ivy2/jars/org.slf4j_slf4j-api-1.7.30.jar has been previously copied to /tmp/spark-0ef89358-ee45-4608-ae98-67ad5a077721/userFiles-3e5370f6-5b8c-4899-9d6b-0567af5b0f18/org.slf4j_slf4j-api-1.7.30.jar
21/04/29 13:09:39 INFO Executor: Fetching spark://9eef85b7ddb7:46639/jars/org.apache.kafka_kafka-clients-2.6.0.jar with timestamp 1619701778368
21/04/29 13:09:39 INFO TransportClientFactory: Successfully created connection to 9eef85b7ddb7/172.28.0.5:46639 after 48 ms (0 ms spent in bootstraps)
21/04/29 13:09:39 INFO Utils: Fetching spark://9eef85b7ddb7:46639/jars/org.apache.kafka_kafka-clients-2.6.0.jar to /tmp/spark-0ef89358-ee45-4608-ae98-67ad5a077721/userFiles-3e5370f6-5b8c-4899-9d6b-0567af5b0f18/fetchFileTemp2510246317740556488.tmp
21/04/29 13:09:39 INFO Utils: /tmp/spark-0ef89358-ee45-4608-ae98-67ad5a077721/userFiles-3e5370f6-5b8c-4899-9d6b-0567af5b0f18/fetchFileTemp2510246317740556488.tmp has been previously copied to /tmp/spark-0ef89358-ee45-4608-ae98-67ad5a077721/userFiles-3e5370f6-5b8c-4899-9d6b-0567af5b0f18/org.apache.kafka_kafka-clients-2.6.0.jar
21/04/29 13:09:39 INFO Executor: Adding file:/tmp/spark-0ef89358-ee45-4608-ae98-67ad5a077721/userFiles-3e5370f6-5b8c-4899-9d6b-0567af5b0f18/org.apache.kafka_kafka-clients-2.6.0.jar to class loader
21/04/29 13:09:39 INFO Executor: Fetching spark://9eef85b7ddb7:46639/jars/com.github.luben_zstd-jni-1.4.8-1.jar with timestamp 1619701778368
21/04/29 13:09:39 INFO Utils: Fetching spark://9eef85b7ddb7:46639/jars/com.github.luben_zstd-jni-1.4.8-1.jar to /tmp/spark-0ef89358-ee45-4608-ae98-67ad5a077721/userFiles-3e5370f6-5b8c-4899-9d6b-0567af5b0f18/fetchFileTemp8743667346787894501.tmp
21/04/29 13:09:40 INFO Utils: /tmp/spark-0ef89358-ee45-4608-ae98-67ad5a077721/userFiles-3e5370f6-5b8c-4899-9d6b-0567af5b0f18/fetchFileTemp8743667346787894501.tmp has been previously copied to /tmp/spark-0ef89358-ee45-4608-ae98-67ad5a077721/userFiles-3e5370f6-5b8c-4899-9d6b-0567af5b0f18/com.github.luben_zstd-jni-1.4.8-1.jar
21/04/29 13:09:40 INFO Executor: Adding file:/tmp/spark-0ef89358-ee45-4608-ae98-67ad5a077721/userFiles-3e5370f6-5b8c-4899-9d6b-0567af5b0f18/com.github.luben_zstd-jni-1.4.8-1.jar to class loader
21/04/29 13:09:40 INFO Executor: Fetching spark://9eef85b7ddb7:46639/jars/org.spark-project.spark_unused-1.0.0.jar with timestamp 1619701778368
21/04/29 13:09:40 INFO Utils: Fetching spark://9eef85b7ddb7:46639/jars/org.spark-project.spark_unused-1.0.0.jar to /tmp/spark-0ef89358-ee45-4608-ae98-67ad5a077721/userFiles-3e5370f6-5b8c-4899-9d6b-0567af5b0f18/fetchFileTemp8687170781858233920.tmp
21/04/29 13:09:40 INFO Utils: /tmp/spark-0ef89358-ee45-4608-ae98-67ad5a077721/userFiles-3e5370f6-5b8c-4899-9d6b-0567af5b0f18/fetchFileTemp8687170781858233920.tmp has been previously copied to /tmp/spark-0ef89358-ee45-4608-ae98-67ad5a077721/userFiles-3e5370f6-5b8c-4899-9d6b-0567af5b0f18/org.spark-project.spark_unused-1.0.0.jar
21/04/29 13:09:40 INFO Executor: Adding file:/tmp/spark-0ef89358-ee45-4608-ae98-67ad5a077721/userFiles-3e5370f6-5b8c-4899-9d6b-0567af5b0f18/org.spark-project.spark_unused-1.0.0.jar to class loader
21/04/29 13:09:40 INFO Executor: Fetching spark://9eef85b7ddb7:46639/jars/org.apache.spark_spark-sql-kafka-0-10_2.12-3.1.1.jar with timestamp 1619701778368
21/04/29 13:09:40 INFO Utils: Fetching spark://9eef85b7ddb7:46639/jars/org.apache.spark_spark-sql-kafka-0-10_2.12-3.1.1.jar to /tmp/spark-0ef89358-ee45-4608-ae98-67ad5a077721/userFiles-3e5370f6-5b8c-4899-9d6b-0567af5b0f18/fetchFileTemp651838710070964696.tmp
21/04/29 13:09:40 INFO Utils: /tmp/spark-0ef89358-ee45-4608-ae98-67ad5a077721/userFiles-3e5370f6-5b8c-4899-9d6b-0567af5b0f18/fetchFileTemp651838710070964696.tmp has been previously copied to /tmp/spark-0ef89358-ee45-4608-ae98-67ad5a077721/userFiles-3e5370f6-5b8c-4899-9d6b-0567af5b0f18/org.apache.spark_spark-sql-kafka-0-10_2.12-3.1.1.jar
21/04/29 13:09:40 INFO Executor: Adding file:/tmp/spark-0ef89358-ee45-4608-ae98-67ad5a077721/userFiles-3e5370f6-5b8c-4899-9d6b-0567af5b0f18/org.apache.spark_spark-sql-kafka-0-10_2.12-3.1.1.jar to class loader
21/04/29 13:09:40 INFO Executor: Fetching spark://9eef85b7ddb7:46639/jars/org.apache.spark_spark-token-provider-kafka-0-10_2.12-3.1.1.jar with timestamp 1619701778368
21/04/29 13:09:40 INFO Utils: Fetching spark://9eef85b7ddb7:46639/jars/org.apache.spark_spark-token-provider-kafka-0-10_2.12-3.1.1.jar to /tmp/spark-0ef89358-ee45-4608-ae98-67ad5a077721/userFiles-3e5370f6-5b8c-4899-9d6b-0567af5b0f18/fetchFileTemp7913617706080715057.tmp
21/04/29 13:09:40 INFO Utils: /tmp/spark-0ef89358-ee45-4608-ae98-67ad5a077721/userFiles-3e5370f6-5b8c-4899-9d6b-0567af5b0f18/fetchFileTemp7913617706080715057.tmp has been previously copied to /tmp/spark-0ef89358-ee45-4608-ae98-67ad5a077721/userFiles-3e5370f6-5b8c-4899-9d6b-0567af5b0f18/org.apache.spark_spark-token-provider-kafka-0-10_2.12-3.1.1.jar
21/04/29 13:09:40 INFO Executor: Adding file:/tmp/spark-0ef89358-ee45-4608-ae98-67ad5a077721/userFiles-3e5370f6-5b8c-4899-9d6b-0567af5b0f18/org.apache.spark_spark-token-provider-kafka-0-10_2.12-3.1.1.jar to class loader
21/04/29 13:09:40 INFO Executor: Fetching spark://9eef85b7ddb7:46639/jars/org.apache.commons_commons-pool2-2.6.2.jar with timestamp 1619701778368
21/04/29 13:09:40 INFO Utils: Fetching spark://9eef85b7ddb7:46639/jars/org.apache.commons_commons-pool2-2.6.2.jar to /tmp/spark-0ef89358-ee45-4608-ae98-67ad5a077721/userFiles-3e5370f6-5b8c-4899-9d6b-0567af5b0f18/fetchFileTemp1523579654340129088.tmp
21/04/29 13:09:40 INFO Utils: /tmp/spark-0ef89358-ee45-4608-ae98-67ad5a077721/userFiles-3e5370f6-5b8c-4899-9d6b-0567af5b0f18/fetchFileTemp1523579654340129088.tmp has been previously copied to /tmp/spark-0ef89358-ee45-4608-ae98-67ad5a077721/userFiles-3e5370f6-5b8c-4899-9d6b-0567af5b0f18/org.apache.commons_commons-pool2-2.6.2.jar
21/04/29 13:09:40 INFO Executor: Adding file:/tmp/spark-0ef89358-ee45-4608-ae98-67ad5a077721/userFiles-3e5370f6-5b8c-4899-9d6b-0567af5b0f18/org.apache.commons_commons-pool2-2.6.2.jar to class loader
21/04/29 13:09:40 INFO Executor: Fetching spark://9eef85b7ddb7:46639/jars/org.slf4j_slf4j-api-1.7.30.jar with timestamp 1619701778368
21/04/29 13:09:40 INFO Utils: Fetching spark://9eef85b7ddb7:46639/jars/org.slf4j_slf4j-api-1.7.30.jar to /tmp/spark-0ef89358-ee45-4608-ae98-67ad5a077721/userFiles-3e5370f6-5b8c-4899-9d6b-0567af5b0f18/fetchFileTemp1672276151869188276.tmp
21/04/29 13:09:40 INFO Utils: /tmp/spark-0ef89358-ee45-4608-ae98-67ad5a077721/userFiles-3e5370f6-5b8c-4899-9d6b-0567af5b0f18/fetchFileTemp1672276151869188276.tmp has been previously copied to /tmp/spark-0ef89358-ee45-4608-ae98-67ad5a077721/userFiles-3e5370f6-5b8c-4899-9d6b-0567af5b0f18/org.slf4j_slf4j-api-1.7.30.jar
21/04/29 13:09:40 INFO Executor: Adding file:/tmp/spark-0ef89358-ee45-4608-ae98-67ad5a077721/userFiles-3e5370f6-5b8c-4899-9d6b-0567af5b0f18/org.slf4j_slf4j-api-1.7.30.jar to class loader
21/04/29 13:09:40 INFO Executor: Fetching spark://9eef85b7ddb7:46639/jars/org.xerial.snappy_snappy-java-1.1.8.2.jar with timestamp 1619701778368
21/04/29 13:09:40 INFO Utils: Fetching spark://9eef85b7ddb7:46639/jars/org.xerial.snappy_snappy-java-1.1.8.2.jar to /tmp/spark-0ef89358-ee45-4608-ae98-67ad5a077721/userFiles-3e5370f6-5b8c-4899-9d6b-0567af5b0f18/fetchFileTemp2015257084786001775.tmp
21/04/29 13:09:40 INFO Utils: /tmp/spark-0ef89358-ee45-4608-ae98-67ad5a077721/userFiles-3e5370f6-5b8c-4899-9d6b-0567af5b0f18/fetchFileTemp2015257084786001775.tmp has been previously copied to /tmp/spark-0ef89358-ee45-4608-ae98-67ad5a077721/userFiles-3e5370f6-5b8c-4899-9d6b-0567af5b0f18/org.xerial.snappy_snappy-java-1.1.8.2.jar
21/04/29 13:09:40 INFO Executor: Adding file:/tmp/spark-0ef89358-ee45-4608-ae98-67ad5a077721/userFiles-3e5370f6-5b8c-4899-9d6b-0567af5b0f18/org.xerial.snappy_snappy-java-1.1.8.2.jar to class loader
21/04/29 13:09:40 INFO Executor: Fetching spark://9eef85b7ddb7:46639/jars/org.lz4_lz4-java-1.7.1.jar with timestamp 1619701778368
21/04/29 13:09:40 INFO Utils: Fetching spark://9eef85b7ddb7:46639/jars/org.lz4_lz4-java-1.7.1.jar to /tmp/spark-0ef89358-ee45-4608-ae98-67ad5a077721/userFiles-3e5370f6-5b8c-4899-9d6b-0567af5b0f18/fetchFileTemp4882411912515880884.tmp
21/04/29 13:09:40 INFO Utils: /tmp/spark-0ef89358-ee45-4608-ae98-67ad5a077721/userFiles-3e5370f6-5b8c-4899-9d6b-0567af5b0f18/fetchFileTemp4882411912515880884.tmp has been previously copied to /tmp/spark-0ef89358-ee45-4608-ae98-67ad5a077721/userFiles-3e5370f6-5b8c-4899-9d6b-0567af5b0f18/org.lz4_lz4-java-1.7.1.jar
21/04/29 13:09:40 INFO Executor: Adding file:/tmp/spark-0ef89358-ee45-4608-ae98-67ad5a077721/userFiles-3e5370f6-5b8c-4899-9d6b-0567af5b0f18/org.lz4_lz4-java-1.7.1.jar to class loader
21/04/29 13:09:40 INFO Utils: Successfully started service 'org.apache.spark.network.netty.NettyBlockTransferService' on port 37037.
21/04/29 13:09:40 INFO NettyBlockTransferService: Server created on 9eef85b7ddb7:37037
21/04/29 13:09:40 INFO BlockManager: Using org.apache.spark.storage.RandomBlockReplicationPolicy for block replication policy
21/04/29 13:09:40 INFO BlockManagerMaster: Registering BlockManager BlockManagerId(driver, 9eef85b7ddb7, 37037, None)
21/04/29 13:09:40 INFO BlockManagerMasterEndpoint: Registering block manager 9eef85b7ddb7:37037 with 366.3 MiB RAM, BlockManagerId(driver, 9eef85b7ddb7, 37037, None)
21/04/29 13:09:40 INFO BlockManagerMaster: Registered BlockManager BlockManagerId(driver, 9eef85b7ddb7, 37037, None)
21/04/29 13:09:40 INFO BlockManager: Initialized BlockManager: BlockManagerId(driver, 9eef85b7ddb7, 37037, None)
21/04/29 13:09:40 INFO SharedState: Setting hive.metastore.warehouse.dir ('null') to the value of spark.sql.warehouse.dir ('file:/opt/bitnami/spark/spark-warehouse').
21/04/29 13:09:40 INFO SharedState: Warehouse path is 'file:/opt/bitnami/spark/spark-warehouse'.
21/04/29 13:09:44 WARN StreamingQueryManager: Temporary checkpoint location created which is deleted normally when the query didn't fail: /tmp/temporary-c4255aa3-9e1a-48d8-80fb-8bb78e621501. If it's required to delete it under any circumstances, please set spark.sql.streaming.forceDeleteTempCheckpointLocation to true. Important to know deleting temp checkpoint folder is best effort.
-------------------------------------------
Batch: 0
-------------------------------------------
+--------+-----+
|customer|score|
+--------+-----+
+--------+-----+

-------------------------------------------
Batch: 1
-------------------------------------------
+------------------+-----+
|          customer|score|
+------------------+-----+
|Dan.Olson@test.com|  9.0|
+------------------+-----+

-------------------------------------------
Batch: 2
-------------------------------------------
+--------------------+-----+
|            customer|score|
+--------------------+-----+
|Dan.Jefferson@tes...|-14.0|
+--------------------+-----+

-------------------------------------------
Batch: 3
-------------------------------------------
+--------------------+-----+
|            customer|score|
+--------------------+-----+
|Eric.Harris@test.com| -9.5|
+--------------------+-----+

-------------------------------------------
Batch: 4
-------------------------------------------
+--------------------+-----+
|            customer|score|
+--------------------+-----+
|Spencer.Clayton@t...| 18.5|
+--------------------+-----+

-------------------------------------------
Batch: 5
-------------------------------------------
+--------------------+-----+
|            customer|score|
+--------------------+-----+
|John.Lincoln@test...| 13.0|
+--------------------+-----+

-------------------------------------------
Batch: 6
-------------------------------------------
+--------------------+-----+
|            customer|score|
+--------------------+-----+
|Craig.Anandh@test...| -4.5|
+--------------------+-----+

-------------------------------------------
Batch: 7
-------------------------------------------
+--------------------+-----+
|            customer|score|
+--------------------+-----+
|David.Lincoln@tes...| -4.0|
+--------------------+-----+

-------------------------------------------
Batch: 8
-------------------------------------------
+--------------------+-----+
|            customer|score|
+--------------------+-----+
|Jacob.Aristotle@t...| -4.0|
+--------------------+-----+

-------------------------------------------
Batch: 9
-------------------------------------------
+--------------------+-----+
|            customer|score|
+--------------------+-----+
|Frank.Jones@test.com| -5.0|
+--------------------+-----+

-------------------------------------------
Batch: 10
-------------------------------------------
+--------------------+-----+
|            customer|score|
+--------------------+-----+
|Larry.Smith@test.com| -0.5|
+--------------------+-----+

-------------------------------------------
Batch: 11
-------------------------------------------
+--------------------+-----+
|            customer|score|
+--------------------+-----+
|Sarah.Hansen@test...| -2.5|
+--------------------+-----+

-------------------------------------------
Batch: 12
-------------------------------------------
+--------------------+-----+
|            customer|score|
+--------------------+-----+
|David.Jackson@tes...| -1.0|
+--------------------+-----+

-------------------------------------------
Batch: 13
-------------------------------------------
+--------------------+-----+
|            customer|score|
+--------------------+-----+
|Trevor.Anderson@t...| -3.5|
+--------------------+-----+

-------------------------------------------
Batch: 14
-------------------------------------------
+-------------------+-----+
|           customer|score|
+-------------------+-----+
|Frank.Huey@test.com| -3.0|
+-------------------+-----+

-------------------------------------------
Batch: 15
-------------------------------------------
+--------------------+-----+
|            customer|score|
+--------------------+-----+
|Danny.Khatib@test...| -2.0|
+--------------------+-----+

-------------------------------------------
Batch: 16
-------------------------------------------
+--------------------+-----+
|            customer|score|
+--------------------+-----+
|Trevor.Fibonnaci@...| -1.0|
+--------------------+-----+

-------------------------------------------
Batch: 17
-------------------------------------------
+------------------+-----+
|          customer|score|
+------------------+-----+
|Dan.Mitra@test.com|-18.0|
+------------------+-----+

-------------------------------------------
Batch: 18
-------------------------------------------
+--------------------+-----+
|            customer|score|
+--------------------+-----+
|Suresh.Gonzalez@t...|-11.5|
+--------------------+-----+

-------------------------------------------
Batch: 19
-------------------------------------------
+--------------------+-----+
|            customer|score|
+--------------------+-----+
|Edward.Clark@test...| 19.0|
+--------------------+-----+

-------------------------------------------
Batch: 20
-------------------------------------------
+--------------------+-----+
|            customer|score|
+--------------------+-----+
|Christina.Gonzale...|  7.5|
+--------------------+-----+

-------------------------------------------
Batch: 21
-------------------------------------------
+--------------------+-----+
|            customer|score|
+--------------------+-----+
|Suresh.Howard@tes...|-48.0|
+--------------------+-----+

-------------------------------------------
Batch: 22
-------------------------------------------
+--------------------+-----+
|            customer|score|
+--------------------+-----+
|Larry.Anderson@te...| 15.0|
+--------------------+-----+

-------------------------------------------
Batch: 23
-------------------------------------------
+--------------------+-----+
|            customer|score|
+--------------------+-----+
|Sarah.Clark@test.com| -0.5|
+--------------------+-----+

-------------------------------------------
Batch: 24
-------------------------------------------
+--------------------+-----+
|            customer|score|
+--------------------+-----+
|Frank.Harris@test...|  3.0|
+--------------------+-----+

-------------------------------------------
Batch: 25
-------------------------------------------
+--------------------+-----+
|            customer|score|
+--------------------+-----+
|Christina.Phillip...|-13.0|
+--------------------+-----+

-------------------------------------------
Batch: 26
-------------------------------------------
+--------------------+-----+
|            customer|score|
+--------------------+-----+
|Spencer.Lincoln@t...|-12.5|
+--------------------+-----+

-------------------------------------------
Batch: 27
-------------------------------------------
+--------------------+-----+
|            customer|score|
+--------------------+-----+
|Ashley.Aristotle@...|-13.0|
+--------------------+-----+

-------------------------------------------
Batch: 28
-------------------------------------------
+------------------+-----+
|          customer|score|
+------------------+-----+
|Suresh.Wu@test.com|  3.5|
+------------------+-----+

-------------------------------------------
Batch: 29
-------------------------------------------
+-------------------+-----+
|           customer|score|
+-------------------+-----+
|Sean.Smith@test.com| 31.5|
+-------------------+-----+

-------------------------------------------
Batch: 30
-------------------------------------------
+------------------+-----+
|          customer|score|
+------------------+-----+
|Dan.Olson@test.com| -2.0|
+------------------+-----+

-------------------------------------------
Batch: 31
-------------------------------------------
+--------------------+-----+
|            customer|score|
+--------------------+-----+
|Dan.Jefferson@tes...| -9.5|
+--------------------+-----+

-------------------------------------------
Batch: 32
-------------------------------------------
+--------------------+-----+
|            customer|score|
+--------------------+-----+
|Eric.Harris@test.com| 24.0|
+--------------------+-----+

-------------------------------------------
Batch: 33
-------------------------------------------
+--------------------+-----+
|            customer|score|
+--------------------+-----+
|Spencer.Clayton@t...| -3.0|
+--------------------+-----+

-------------------------------------------
Batch: 34
-------------------------------------------
+--------------------+-----+
|            customer|score|
+--------------------+-----+
|John.Lincoln@test...|  9.0|
+--------------------+-----+

-------------------------------------------
Batch: 35
-------------------------------------------
+--------------------+-----+
|            customer|score|
+--------------------+-----+
|Craig.Anandh@test...| -5.0|
+--------------------+-----+

-------------------------------------------
Batch: 36
-------------------------------------------
+--------------------+-----+
|            customer|score|
+--------------------+-----+
|David.Lincoln@tes...| -3.0|
+--------------------+-----+

-------------------------------------------
Batch: 37
-------------------------------------------
+--------------------+-----+
|            customer|score|
+--------------------+-----+
|Jacob.Aristotle@t...| -4.5|
+--------------------+-----+

-------------------------------------------
Batch: 38
-------------------------------------------
+--------------------+-----+
|            customer|score|
+--------------------+-----+
|Frank.Jones@test.com| -4.5|
+--------------------+-----+

-------------------------------------------
Batch: 39
-------------------------------------------
+--------------------+-----+
|            customer|score|
+--------------------+-----+
|Larry.Smith@test.com| -2.0|
+--------------------+-----+

-------------------------------------------
Batch: 40
-------------------------------------------
+--------------------+-----+
|            customer|score|
+--------------------+-----+
|Sarah.Hansen@test...| -3.5|
+--------------------+-----+

-------------------------------------------
Batch: 41
-------------------------------------------
+--------------------+-----+
|            customer|score|
+--------------------+-----+
|David.Jackson@tes...| -1.0|
+--------------------+-----+

-------------------------------------------
Batch: 42
-------------------------------------------
+--------------------+-----+
|            customer|score|
+--------------------+-----+
|Trevor.Anderson@t...| -3.0|
+--------------------+-----+

-------------------------------------------
Batch: 43
-------------------------------------------
+-------------------+-----+
|           customer|score|
+-------------------+-----+
|Frank.Huey@test.com| -3.5|
+-------------------+-----+

-------------------------------------------
Batch: 44
-------------------------------------------
+--------------------+-----+
|            customer|score|
+--------------------+-----+
|Danny.Khatib@test...| -3.5|
+--------------------+-----+

