:: loading settings :: url = jar:file:/opt/bitnami/spark/jars/ivy-2.4.0.jar!/org/apache/ivy/core/settings/ivysettings.xml
Ivy Default Cache set to: /opt/bitnami/spark/.ivy2/cache
The jars for the packages stored in: /opt/bitnami/spark/.ivy2/jars
org.apache.spark#spark-sql-kafka-0-10_2.12 added as a dependency
:: resolving dependencies :: org.apache.spark#spark-submit-parent-b44bc3cf-f309-4df3-9b60-b38e4ada6083;1.0
	confs: [default]
	found org.apache.spark#spark-sql-kafka-0-10_2.12;3.1.1 in central
	found org.apache.spark#spark-token-provider-kafka-0-10_2.12;3.1.1 in central
	found org.apache.kafka#kafka-clients;2.6.0 in central
	found com.github.luben#zstd-jni;1.4.8-1 in central
	found org.lz4#lz4-java;1.7.1 in central
	found org.xerial.snappy#snappy-java;1.1.8.2 in central
	found org.slf4j#slf4j-api;1.7.30 in central
	found org.spark-project.spark#unused;1.0.0 in central
	found org.apache.commons#commons-pool2;2.6.2 in central
:: resolution report :: resolve 605ms :: artifacts dl 51ms
	:: modules in use:
	com.github.luben#zstd-jni;1.4.8-1 from central in [default]
	org.apache.commons#commons-pool2;2.6.2 from central in [default]
	org.apache.kafka#kafka-clients;2.6.0 from central in [default]
	org.apache.spark#spark-sql-kafka-0-10_2.12;3.1.1 from central in [default]
	org.apache.spark#spark-token-provider-kafka-0-10_2.12;3.1.1 from central in [default]
	org.lz4#lz4-java;1.7.1 from central in [default]
	org.slf4j#slf4j-api;1.7.30 from central in [default]
	org.spark-project.spark#unused;1.0.0 from central in [default]
	org.xerial.snappy#snappy-java;1.1.8.2 from central in [default]
	---------------------------------------------------------------------
	|                  |            modules            ||   artifacts   |
	|       conf       | number| search|dwnlded|evicted|| number|dwnlded|
	---------------------------------------------------------------------
	|      default     |   9   |   0   |   0   |   0   ||   9   |   0   |
	---------------------------------------------------------------------
:: retrieving :: org.apache.spark#spark-submit-parent-b44bc3cf-f309-4df3-9b60-b38e4ada6083
	confs: [default]
	0 artifacts copied, 9 already retrieved (0kB/22ms)
21/04/29 13:09:06 WARN NativeCodeLoader: Unable to load native-hadoop library for your platform... using builtin-java classes where applicable
Using Spark's default log4j profile: org/apache/spark/log4j-defaults.properties
21/04/29 13:09:07 INFO SparkContext: Running Spark version 3.1.1
21/04/29 13:09:07 INFO ResourceUtils: ==============================================================
21/04/29 13:09:07 INFO ResourceUtils: No custom resources configured for spark.driver.
21/04/29 13:09:07 INFO ResourceUtils: ==============================================================
21/04/29 13:09:07 INFO SparkContext: Submitted application: RedisKafkaStreamToConsole
21/04/29 13:09:07 INFO ResourceProfile: Default ResourceProfile created, executor resources: Map(cores -> name: cores, amount: 1, script: , vendor: , memory -> name: memory, amount: 1024, script: , vendor: , offHeap -> name: offHeap, amount: 0, script: , vendor: ), task resources: Map(cpus -> name: cpus, amount: 1.0)
21/04/29 13:09:07 INFO ResourceProfile: Limiting resource is cpu
21/04/29 13:09:07 INFO ResourceProfileManager: Added ResourceProfile id: 0
21/04/29 13:09:07 INFO SecurityManager: Changing view acls to: spark
21/04/29 13:09:07 INFO SecurityManager: Changing modify acls to: spark
21/04/29 13:09:07 INFO SecurityManager: Changing view acls groups to: 
21/04/29 13:09:07 INFO SecurityManager: Changing modify acls groups to: 
21/04/29 13:09:07 INFO SecurityManager: SecurityManager: authentication disabled; ui acls disabled; users  with view permissions: Set(spark); groups with view permissions: Set(); users  with modify permissions: Set(spark); groups with modify permissions: Set()
21/04/29 13:09:07 INFO Utils: Successfully started service 'sparkDriver' on port 35719.
21/04/29 13:09:07 INFO SparkEnv: Registering MapOutputTracker
21/04/29 13:09:07 INFO SparkEnv: Registering BlockManagerMaster
21/04/29 13:09:07 INFO BlockManagerMasterEndpoint: Using org.apache.spark.storage.DefaultTopologyMapper for getting topology information
21/04/29 13:09:07 INFO BlockManagerMasterEndpoint: BlockManagerMasterEndpoint up
21/04/29 13:09:07 INFO SparkEnv: Registering BlockManagerMasterHeartbeat
21/04/29 13:09:07 INFO DiskBlockManager: Created local directory at /tmp/blockmgr-42190a3a-75e3-4a02-bf65-775f91db18f7
21/04/29 13:09:07 INFO MemoryStore: MemoryStore started with capacity 366.3 MiB
21/04/29 13:09:07 INFO SparkEnv: Registering OutputCommitCoordinator
21/04/29 13:09:07 INFO Utils: Successfully started service 'SparkUI' on port 4040.
21/04/29 13:09:08 INFO SparkUI: Bound SparkUI to 0.0.0.0, and started at http://9eef85b7ddb7:4040
21/04/29 13:09:08 INFO SparkContext: Added JAR file:///opt/bitnami/spark/.ivy2/jars/org.apache.spark_spark-sql-kafka-0-10_2.12-3.1.1.jar at spark://9eef85b7ddb7:35719/jars/org.apache.spark_spark-sql-kafka-0-10_2.12-3.1.1.jar with timestamp 1619701747078
21/04/29 13:09:08 INFO SparkContext: Added JAR file:///opt/bitnami/spark/.ivy2/jars/org.apache.spark_spark-token-provider-kafka-0-10_2.12-3.1.1.jar at spark://9eef85b7ddb7:35719/jars/org.apache.spark_spark-token-provider-kafka-0-10_2.12-3.1.1.jar with timestamp 1619701747078
21/04/29 13:09:08 INFO SparkContext: Added JAR file:///opt/bitnami/spark/.ivy2/jars/org.apache.kafka_kafka-clients-2.6.0.jar at spark://9eef85b7ddb7:35719/jars/org.apache.kafka_kafka-clients-2.6.0.jar with timestamp 1619701747078
21/04/29 13:09:08 INFO SparkContext: Added JAR file:///opt/bitnami/spark/.ivy2/jars/org.apache.commons_commons-pool2-2.6.2.jar at spark://9eef85b7ddb7:35719/jars/org.apache.commons_commons-pool2-2.6.2.jar with timestamp 1619701747078
21/04/29 13:09:08 INFO SparkContext: Added JAR file:///opt/bitnami/spark/.ivy2/jars/org.spark-project.spark_unused-1.0.0.jar at spark://9eef85b7ddb7:35719/jars/org.spark-project.spark_unused-1.0.0.jar with timestamp 1619701747078
21/04/29 13:09:08 INFO SparkContext: Added JAR file:///opt/bitnami/spark/.ivy2/jars/com.github.luben_zstd-jni-1.4.8-1.jar at spark://9eef85b7ddb7:35719/jars/com.github.luben_zstd-jni-1.4.8-1.jar with timestamp 1619701747078
21/04/29 13:09:08 INFO SparkContext: Added JAR file:///opt/bitnami/spark/.ivy2/jars/org.lz4_lz4-java-1.7.1.jar at spark://9eef85b7ddb7:35719/jars/org.lz4_lz4-java-1.7.1.jar with timestamp 1619701747078
21/04/29 13:09:08 INFO SparkContext: Added JAR file:///opt/bitnami/spark/.ivy2/jars/org.xerial.snappy_snappy-java-1.1.8.2.jar at spark://9eef85b7ddb7:35719/jars/org.xerial.snappy_snappy-java-1.1.8.2.jar with timestamp 1619701747078
21/04/29 13:09:08 INFO SparkContext: Added JAR file:///opt/bitnami/spark/.ivy2/jars/org.slf4j_slf4j-api-1.7.30.jar at spark://9eef85b7ddb7:35719/jars/org.slf4j_slf4j-api-1.7.30.jar with timestamp 1619701747078
21/04/29 13:09:08 INFO SparkContext: Added file file:///opt/bitnami/spark/.ivy2/jars/org.apache.spark_spark-sql-kafka-0-10_2.12-3.1.1.jar at file:///opt/bitnami/spark/.ivy2/jars/org.apache.spark_spark-sql-kafka-0-10_2.12-3.1.1.jar with timestamp 1619701747078
21/04/29 13:09:08 INFO Utils: Copying /opt/bitnami/spark/.ivy2/jars/org.apache.spark_spark-sql-kafka-0-10_2.12-3.1.1.jar to /tmp/spark-172878de-bd06-4c1b-885a-98be55ba2481/userFiles-1890945e-505a-411f-8ff4-b1ef554cd66a/org.apache.spark_spark-sql-kafka-0-10_2.12-3.1.1.jar
21/04/29 13:09:08 INFO SparkContext: Added file file:///opt/bitnami/spark/.ivy2/jars/org.apache.spark_spark-token-provider-kafka-0-10_2.12-3.1.1.jar at file:///opt/bitnami/spark/.ivy2/jars/org.apache.spark_spark-token-provider-kafka-0-10_2.12-3.1.1.jar with timestamp 1619701747078
21/04/29 13:09:08 INFO Utils: Copying /opt/bitnami/spark/.ivy2/jars/org.apache.spark_spark-token-provider-kafka-0-10_2.12-3.1.1.jar to /tmp/spark-172878de-bd06-4c1b-885a-98be55ba2481/userFiles-1890945e-505a-411f-8ff4-b1ef554cd66a/org.apache.spark_spark-token-provider-kafka-0-10_2.12-3.1.1.jar
21/04/29 13:09:08 INFO SparkContext: Added file file:///opt/bitnami/spark/.ivy2/jars/org.apache.kafka_kafka-clients-2.6.0.jar at file:///opt/bitnami/spark/.ivy2/jars/org.apache.kafka_kafka-clients-2.6.0.jar with timestamp 1619701747078
21/04/29 13:09:08 INFO Utils: Copying /opt/bitnami/spark/.ivy2/jars/org.apache.kafka_kafka-clients-2.6.0.jar to /tmp/spark-172878de-bd06-4c1b-885a-98be55ba2481/userFiles-1890945e-505a-411f-8ff4-b1ef554cd66a/org.apache.kafka_kafka-clients-2.6.0.jar
21/04/29 13:09:08 INFO SparkContext: Added file file:///opt/bitnami/spark/.ivy2/jars/org.apache.commons_commons-pool2-2.6.2.jar at file:///opt/bitnami/spark/.ivy2/jars/org.apache.commons_commons-pool2-2.6.2.jar with timestamp 1619701747078
21/04/29 13:09:08 INFO Utils: Copying /opt/bitnami/spark/.ivy2/jars/org.apache.commons_commons-pool2-2.6.2.jar to /tmp/spark-172878de-bd06-4c1b-885a-98be55ba2481/userFiles-1890945e-505a-411f-8ff4-b1ef554cd66a/org.apache.commons_commons-pool2-2.6.2.jar
21/04/29 13:09:08 INFO SparkContext: Added file file:///opt/bitnami/spark/.ivy2/jars/org.spark-project.spark_unused-1.0.0.jar at file:///opt/bitnami/spark/.ivy2/jars/org.spark-project.spark_unused-1.0.0.jar with timestamp 1619701747078
21/04/29 13:09:08 INFO Utils: Copying /opt/bitnami/spark/.ivy2/jars/org.spark-project.spark_unused-1.0.0.jar to /tmp/spark-172878de-bd06-4c1b-885a-98be55ba2481/userFiles-1890945e-505a-411f-8ff4-b1ef554cd66a/org.spark-project.spark_unused-1.0.0.jar
21/04/29 13:09:08 INFO SparkContext: Added file file:///opt/bitnami/spark/.ivy2/jars/com.github.luben_zstd-jni-1.4.8-1.jar at file:///opt/bitnami/spark/.ivy2/jars/com.github.luben_zstd-jni-1.4.8-1.jar with timestamp 1619701747078
21/04/29 13:09:08 INFO Utils: Copying /opt/bitnami/spark/.ivy2/jars/com.github.luben_zstd-jni-1.4.8-1.jar to /tmp/spark-172878de-bd06-4c1b-885a-98be55ba2481/userFiles-1890945e-505a-411f-8ff4-b1ef554cd66a/com.github.luben_zstd-jni-1.4.8-1.jar
21/04/29 13:09:08 INFO SparkContext: Added file file:///opt/bitnami/spark/.ivy2/jars/org.lz4_lz4-java-1.7.1.jar at file:///opt/bitnami/spark/.ivy2/jars/org.lz4_lz4-java-1.7.1.jar with timestamp 1619701747078
21/04/29 13:09:08 INFO Utils: Copying /opt/bitnami/spark/.ivy2/jars/org.lz4_lz4-java-1.7.1.jar to /tmp/spark-172878de-bd06-4c1b-885a-98be55ba2481/userFiles-1890945e-505a-411f-8ff4-b1ef554cd66a/org.lz4_lz4-java-1.7.1.jar
21/04/29 13:09:08 INFO SparkContext: Added file file:///opt/bitnami/spark/.ivy2/jars/org.xerial.snappy_snappy-java-1.1.8.2.jar at file:///opt/bitnami/spark/.ivy2/jars/org.xerial.snappy_snappy-java-1.1.8.2.jar with timestamp 1619701747078
21/04/29 13:09:08 INFO Utils: Copying /opt/bitnami/spark/.ivy2/jars/org.xerial.snappy_snappy-java-1.1.8.2.jar to /tmp/spark-172878de-bd06-4c1b-885a-98be55ba2481/userFiles-1890945e-505a-411f-8ff4-b1ef554cd66a/org.xerial.snappy_snappy-java-1.1.8.2.jar
21/04/29 13:09:08 INFO SparkContext: Added file file:///opt/bitnami/spark/.ivy2/jars/org.slf4j_slf4j-api-1.7.30.jar at file:///opt/bitnami/spark/.ivy2/jars/org.slf4j_slf4j-api-1.7.30.jar with timestamp 1619701747078
21/04/29 13:09:08 INFO Utils: Copying /opt/bitnami/spark/.ivy2/jars/org.slf4j_slf4j-api-1.7.30.jar to /tmp/spark-172878de-bd06-4c1b-885a-98be55ba2481/userFiles-1890945e-505a-411f-8ff4-b1ef554cd66a/org.slf4j_slf4j-api-1.7.30.jar
21/04/29 13:09:08 INFO Executor: Starting executor ID driver on host 9eef85b7ddb7
21/04/29 13:09:08 INFO Executor: Fetching file:///opt/bitnami/spark/.ivy2/jars/org.xerial.snappy_snappy-java-1.1.8.2.jar with timestamp 1619701747078
21/04/29 13:09:08 INFO Utils: /opt/bitnami/spark/.ivy2/jars/org.xerial.snappy_snappy-java-1.1.8.2.jar has been previously copied to /tmp/spark-172878de-bd06-4c1b-885a-98be55ba2481/userFiles-1890945e-505a-411f-8ff4-b1ef554cd66a/org.xerial.snappy_snappy-java-1.1.8.2.jar
21/04/29 13:09:08 INFO Executor: Fetching file:///opt/bitnami/spark/.ivy2/jars/org.apache.spark_spark-token-provider-kafka-0-10_2.12-3.1.1.jar with timestamp 1619701747078
21/04/29 13:09:08 INFO Utils: /opt/bitnami/spark/.ivy2/jars/org.apache.spark_spark-token-provider-kafka-0-10_2.12-3.1.1.jar has been previously copied to /tmp/spark-172878de-bd06-4c1b-885a-98be55ba2481/userFiles-1890945e-505a-411f-8ff4-b1ef554cd66a/org.apache.spark_spark-token-provider-kafka-0-10_2.12-3.1.1.jar
21/04/29 13:09:08 INFO Executor: Fetching file:///opt/bitnami/spark/.ivy2/jars/com.github.luben_zstd-jni-1.4.8-1.jar with timestamp 1619701747078
21/04/29 13:09:08 INFO Utils: /opt/bitnami/spark/.ivy2/jars/com.github.luben_zstd-jni-1.4.8-1.jar has been previously copied to /tmp/spark-172878de-bd06-4c1b-885a-98be55ba2481/userFiles-1890945e-505a-411f-8ff4-b1ef554cd66a/com.github.luben_zstd-jni-1.4.8-1.jar
21/04/29 13:09:08 INFO Executor: Fetching file:///opt/bitnami/spark/.ivy2/jars/org.apache.spark_spark-sql-kafka-0-10_2.12-3.1.1.jar with timestamp 1619701747078
21/04/29 13:09:08 INFO Utils: /opt/bitnami/spark/.ivy2/jars/org.apache.spark_spark-sql-kafka-0-10_2.12-3.1.1.jar has been previously copied to /tmp/spark-172878de-bd06-4c1b-885a-98be55ba2481/userFiles-1890945e-505a-411f-8ff4-b1ef554cd66a/org.apache.spark_spark-sql-kafka-0-10_2.12-3.1.1.jar
21/04/29 13:09:08 INFO Executor: Fetching file:///opt/bitnami/spark/.ivy2/jars/org.apache.commons_commons-pool2-2.6.2.jar with timestamp 1619701747078
21/04/29 13:09:08 INFO Utils: /opt/bitnami/spark/.ivy2/jars/org.apache.commons_commons-pool2-2.6.2.jar has been previously copied to /tmp/spark-172878de-bd06-4c1b-885a-98be55ba2481/userFiles-1890945e-505a-411f-8ff4-b1ef554cd66a/org.apache.commons_commons-pool2-2.6.2.jar
21/04/29 13:09:08 INFO Executor: Fetching file:///opt/bitnami/spark/.ivy2/jars/org.spark-project.spark_unused-1.0.0.jar with timestamp 1619701747078
21/04/29 13:09:08 INFO Utils: /opt/bitnami/spark/.ivy2/jars/org.spark-project.spark_unused-1.0.0.jar has been previously copied to /tmp/spark-172878de-bd06-4c1b-885a-98be55ba2481/userFiles-1890945e-505a-411f-8ff4-b1ef554cd66a/org.spark-project.spark_unused-1.0.0.jar
21/04/29 13:09:08 INFO Executor: Fetching file:///opt/bitnami/spark/.ivy2/jars/org.lz4_lz4-java-1.7.1.jar with timestamp 1619701747078
21/04/29 13:09:08 INFO Utils: /opt/bitnami/spark/.ivy2/jars/org.lz4_lz4-java-1.7.1.jar has been previously copied to /tmp/spark-172878de-bd06-4c1b-885a-98be55ba2481/userFiles-1890945e-505a-411f-8ff4-b1ef554cd66a/org.lz4_lz4-java-1.7.1.jar
21/04/29 13:09:08 INFO Executor: Fetching file:///opt/bitnami/spark/.ivy2/jars/org.apache.kafka_kafka-clients-2.6.0.jar with timestamp 1619701747078
21/04/29 13:09:08 INFO Utils: /opt/bitnami/spark/.ivy2/jars/org.apache.kafka_kafka-clients-2.6.0.jar has been previously copied to /tmp/spark-172878de-bd06-4c1b-885a-98be55ba2481/userFiles-1890945e-505a-411f-8ff4-b1ef554cd66a/org.apache.kafka_kafka-clients-2.6.0.jar
21/04/29 13:09:08 INFO Executor: Fetching file:///opt/bitnami/spark/.ivy2/jars/org.slf4j_slf4j-api-1.7.30.jar with timestamp 1619701747078
21/04/29 13:09:08 INFO Utils: /opt/bitnami/spark/.ivy2/jars/org.slf4j_slf4j-api-1.7.30.jar has been previously copied to /tmp/spark-172878de-bd06-4c1b-885a-98be55ba2481/userFiles-1890945e-505a-411f-8ff4-b1ef554cd66a/org.slf4j_slf4j-api-1.7.30.jar
21/04/29 13:09:08 INFO Executor: Fetching spark://9eef85b7ddb7:35719/jars/org.apache.commons_commons-pool2-2.6.2.jar with timestamp 1619701747078
21/04/29 13:09:08 INFO TransportClientFactory: Successfully created connection to 9eef85b7ddb7/172.28.0.5:35719 after 44 ms (0 ms spent in bootstraps)
21/04/29 13:09:08 INFO Utils: Fetching spark://9eef85b7ddb7:35719/jars/org.apache.commons_commons-pool2-2.6.2.jar to /tmp/spark-172878de-bd06-4c1b-885a-98be55ba2481/userFiles-1890945e-505a-411f-8ff4-b1ef554cd66a/fetchFileTemp8581085198432007244.tmp
21/04/29 13:09:08 INFO Utils: /tmp/spark-172878de-bd06-4c1b-885a-98be55ba2481/userFiles-1890945e-505a-411f-8ff4-b1ef554cd66a/fetchFileTemp8581085198432007244.tmp has been previously copied to /tmp/spark-172878de-bd06-4c1b-885a-98be55ba2481/userFiles-1890945e-505a-411f-8ff4-b1ef554cd66a/org.apache.commons_commons-pool2-2.6.2.jar
21/04/29 13:09:08 INFO Executor: Adding file:/tmp/spark-172878de-bd06-4c1b-885a-98be55ba2481/userFiles-1890945e-505a-411f-8ff4-b1ef554cd66a/org.apache.commons_commons-pool2-2.6.2.jar to class loader
21/04/29 13:09:08 INFO Executor: Fetching spark://9eef85b7ddb7:35719/jars/org.slf4j_slf4j-api-1.7.30.jar with timestamp 1619701747078
21/04/29 13:09:08 INFO Utils: Fetching spark://9eef85b7ddb7:35719/jars/org.slf4j_slf4j-api-1.7.30.jar to /tmp/spark-172878de-bd06-4c1b-885a-98be55ba2481/userFiles-1890945e-505a-411f-8ff4-b1ef554cd66a/fetchFileTemp6461404887988291008.tmp
21/04/29 13:09:08 INFO Utils: /tmp/spark-172878de-bd06-4c1b-885a-98be55ba2481/userFiles-1890945e-505a-411f-8ff4-b1ef554cd66a/fetchFileTemp6461404887988291008.tmp has been previously copied to /tmp/spark-172878de-bd06-4c1b-885a-98be55ba2481/userFiles-1890945e-505a-411f-8ff4-b1ef554cd66a/org.slf4j_slf4j-api-1.7.30.jar
21/04/29 13:09:08 INFO Executor: Adding file:/tmp/spark-172878de-bd06-4c1b-885a-98be55ba2481/userFiles-1890945e-505a-411f-8ff4-b1ef554cd66a/org.slf4j_slf4j-api-1.7.30.jar to class loader
21/04/29 13:09:08 INFO Executor: Fetching spark://9eef85b7ddb7:35719/jars/org.apache.spark_spark-sql-kafka-0-10_2.12-3.1.1.jar with timestamp 1619701747078
21/04/29 13:09:08 INFO Utils: Fetching spark://9eef85b7ddb7:35719/jars/org.apache.spark_spark-sql-kafka-0-10_2.12-3.1.1.jar to /tmp/spark-172878de-bd06-4c1b-885a-98be55ba2481/userFiles-1890945e-505a-411f-8ff4-b1ef554cd66a/fetchFileTemp2115626197883633646.tmp
21/04/29 13:09:08 INFO Utils: /tmp/spark-172878de-bd06-4c1b-885a-98be55ba2481/userFiles-1890945e-505a-411f-8ff4-b1ef554cd66a/fetchFileTemp2115626197883633646.tmp has been previously copied to /tmp/spark-172878de-bd06-4c1b-885a-98be55ba2481/userFiles-1890945e-505a-411f-8ff4-b1ef554cd66a/org.apache.spark_spark-sql-kafka-0-10_2.12-3.1.1.jar
21/04/29 13:09:08 INFO Executor: Adding file:/tmp/spark-172878de-bd06-4c1b-885a-98be55ba2481/userFiles-1890945e-505a-411f-8ff4-b1ef554cd66a/org.apache.spark_spark-sql-kafka-0-10_2.12-3.1.1.jar to class loader
21/04/29 13:09:08 INFO Executor: Fetching spark://9eef85b7ddb7:35719/jars/org.apache.spark_spark-token-provider-kafka-0-10_2.12-3.1.1.jar with timestamp 1619701747078
21/04/29 13:09:08 INFO Utils: Fetching spark://9eef85b7ddb7:35719/jars/org.apache.spark_spark-token-provider-kafka-0-10_2.12-3.1.1.jar to /tmp/spark-172878de-bd06-4c1b-885a-98be55ba2481/userFiles-1890945e-505a-411f-8ff4-b1ef554cd66a/fetchFileTemp1214461041900955947.tmp
21/04/29 13:09:08 INFO Utils: /tmp/spark-172878de-bd06-4c1b-885a-98be55ba2481/userFiles-1890945e-505a-411f-8ff4-b1ef554cd66a/fetchFileTemp1214461041900955947.tmp has been previously copied to /tmp/spark-172878de-bd06-4c1b-885a-98be55ba2481/userFiles-1890945e-505a-411f-8ff4-b1ef554cd66a/org.apache.spark_spark-token-provider-kafka-0-10_2.12-3.1.1.jar
21/04/29 13:09:08 INFO Executor: Adding file:/tmp/spark-172878de-bd06-4c1b-885a-98be55ba2481/userFiles-1890945e-505a-411f-8ff4-b1ef554cd66a/org.apache.spark_spark-token-provider-kafka-0-10_2.12-3.1.1.jar to class loader
21/04/29 13:09:08 INFO Executor: Fetching spark://9eef85b7ddb7:35719/jars/org.spark-project.spark_unused-1.0.0.jar with timestamp 1619701747078
21/04/29 13:09:08 INFO Utils: Fetching spark://9eef85b7ddb7:35719/jars/org.spark-project.spark_unused-1.0.0.jar to /tmp/spark-172878de-bd06-4c1b-885a-98be55ba2481/userFiles-1890945e-505a-411f-8ff4-b1ef554cd66a/fetchFileTemp3938992522702305460.tmp
21/04/29 13:09:08 INFO Utils: /tmp/spark-172878de-bd06-4c1b-885a-98be55ba2481/userFiles-1890945e-505a-411f-8ff4-b1ef554cd66a/fetchFileTemp3938992522702305460.tmp has been previously copied to /tmp/spark-172878de-bd06-4c1b-885a-98be55ba2481/userFiles-1890945e-505a-411f-8ff4-b1ef554cd66a/org.spark-project.spark_unused-1.0.0.jar
21/04/29 13:09:08 INFO Executor: Adding file:/tmp/spark-172878de-bd06-4c1b-885a-98be55ba2481/userFiles-1890945e-505a-411f-8ff4-b1ef554cd66a/org.spark-project.spark_unused-1.0.0.jar to class loader
21/04/29 13:09:08 INFO Executor: Fetching spark://9eef85b7ddb7:35719/jars/org.apache.kafka_kafka-clients-2.6.0.jar with timestamp 1619701747078
21/04/29 13:09:08 INFO Utils: Fetching spark://9eef85b7ddb7:35719/jars/org.apache.kafka_kafka-clients-2.6.0.jar to /tmp/spark-172878de-bd06-4c1b-885a-98be55ba2481/userFiles-1890945e-505a-411f-8ff4-b1ef554cd66a/fetchFileTemp1464237127961951235.tmp
21/04/29 13:09:08 INFO Utils: /tmp/spark-172878de-bd06-4c1b-885a-98be55ba2481/userFiles-1890945e-505a-411f-8ff4-b1ef554cd66a/fetchFileTemp1464237127961951235.tmp has been previously copied to /tmp/spark-172878de-bd06-4c1b-885a-98be55ba2481/userFiles-1890945e-505a-411f-8ff4-b1ef554cd66a/org.apache.kafka_kafka-clients-2.6.0.jar
21/04/29 13:09:08 INFO Executor: Adding file:/tmp/spark-172878de-bd06-4c1b-885a-98be55ba2481/userFiles-1890945e-505a-411f-8ff4-b1ef554cd66a/org.apache.kafka_kafka-clients-2.6.0.jar to class loader
21/04/29 13:09:08 INFO Executor: Fetching spark://9eef85b7ddb7:35719/jars/org.lz4_lz4-java-1.7.1.jar with timestamp 1619701747078
21/04/29 13:09:08 INFO Utils: Fetching spark://9eef85b7ddb7:35719/jars/org.lz4_lz4-java-1.7.1.jar to /tmp/spark-172878de-bd06-4c1b-885a-98be55ba2481/userFiles-1890945e-505a-411f-8ff4-b1ef554cd66a/fetchFileTemp1254928772484477926.tmp
21/04/29 13:09:08 INFO Utils: /tmp/spark-172878de-bd06-4c1b-885a-98be55ba2481/userFiles-1890945e-505a-411f-8ff4-b1ef554cd66a/fetchFileTemp1254928772484477926.tmp has been previously copied to /tmp/spark-172878de-bd06-4c1b-885a-98be55ba2481/userFiles-1890945e-505a-411f-8ff4-b1ef554cd66a/org.lz4_lz4-java-1.7.1.jar
21/04/29 13:09:08 INFO Executor: Adding file:/tmp/spark-172878de-bd06-4c1b-885a-98be55ba2481/userFiles-1890945e-505a-411f-8ff4-b1ef554cd66a/org.lz4_lz4-java-1.7.1.jar to class loader
21/04/29 13:09:08 INFO Executor: Fetching spark://9eef85b7ddb7:35719/jars/org.xerial.snappy_snappy-java-1.1.8.2.jar with timestamp 1619701747078
21/04/29 13:09:08 INFO Utils: Fetching spark://9eef85b7ddb7:35719/jars/org.xerial.snappy_snappy-java-1.1.8.2.jar to /tmp/spark-172878de-bd06-4c1b-885a-98be55ba2481/userFiles-1890945e-505a-411f-8ff4-b1ef554cd66a/fetchFileTemp3847502484773386285.tmp
21/04/29 13:09:08 INFO Utils: /tmp/spark-172878de-bd06-4c1b-885a-98be55ba2481/userFiles-1890945e-505a-411f-8ff4-b1ef554cd66a/fetchFileTemp3847502484773386285.tmp has been previously copied to /tmp/spark-172878de-bd06-4c1b-885a-98be55ba2481/userFiles-1890945e-505a-411f-8ff4-b1ef554cd66a/org.xerial.snappy_snappy-java-1.1.8.2.jar
21/04/29 13:09:08 INFO Executor: Adding file:/tmp/spark-172878de-bd06-4c1b-885a-98be55ba2481/userFiles-1890945e-505a-411f-8ff4-b1ef554cd66a/org.xerial.snappy_snappy-java-1.1.8.2.jar to class loader
21/04/29 13:09:08 INFO Executor: Fetching spark://9eef85b7ddb7:35719/jars/com.github.luben_zstd-jni-1.4.8-1.jar with timestamp 1619701747078
21/04/29 13:09:08 INFO Utils: Fetching spark://9eef85b7ddb7:35719/jars/com.github.luben_zstd-jni-1.4.8-1.jar to /tmp/spark-172878de-bd06-4c1b-885a-98be55ba2481/userFiles-1890945e-505a-411f-8ff4-b1ef554cd66a/fetchFileTemp5822761782334966016.tmp
21/04/29 13:09:08 INFO Utils: /tmp/spark-172878de-bd06-4c1b-885a-98be55ba2481/userFiles-1890945e-505a-411f-8ff4-b1ef554cd66a/fetchFileTemp5822761782334966016.tmp has been previously copied to /tmp/spark-172878de-bd06-4c1b-885a-98be55ba2481/userFiles-1890945e-505a-411f-8ff4-b1ef554cd66a/com.github.luben_zstd-jni-1.4.8-1.jar
21/04/29 13:09:08 INFO Executor: Adding file:/tmp/spark-172878de-bd06-4c1b-885a-98be55ba2481/userFiles-1890945e-505a-411f-8ff4-b1ef554cd66a/com.github.luben_zstd-jni-1.4.8-1.jar to class loader
21/04/29 13:09:08 INFO Utils: Successfully started service 'org.apache.spark.network.netty.NettyBlockTransferService' on port 44441.
21/04/29 13:09:08 INFO NettyBlockTransferService: Server created on 9eef85b7ddb7:44441
21/04/29 13:09:08 INFO BlockManager: Using org.apache.spark.storage.RandomBlockReplicationPolicy for block replication policy
21/04/29 13:09:08 INFO BlockManagerMaster: Registering BlockManager BlockManagerId(driver, 9eef85b7ddb7, 44441, None)
21/04/29 13:09:08 INFO BlockManagerMasterEndpoint: Registering block manager 9eef85b7ddb7:44441 with 366.3 MiB RAM, BlockManagerId(driver, 9eef85b7ddb7, 44441, None)
21/04/29 13:09:08 INFO BlockManagerMaster: Registered BlockManager BlockManagerId(driver, 9eef85b7ddb7, 44441, None)
21/04/29 13:09:08 INFO BlockManager: Initialized BlockManager: BlockManagerId(driver, 9eef85b7ddb7, 44441, None)
21/04/29 13:09:09 INFO SharedState: Setting hive.metastore.warehouse.dir ('null') to the value of spark.sql.warehouse.dir ('file:/opt/bitnami/spark/spark-warehouse').
21/04/29 13:09:09 INFO SharedState: Warehouse path is 'file:/opt/bitnami/spark/spark-warehouse'.
21/04/29 13:09:12 WARN StreamingQueryManager: Temporary checkpoint location created which is deleted normally when the query didn't fail: /tmp/temporary-d52dbbd5-58d6-461a-aa6c-a37e37d6e113. If it's required to delete it under any circumstances, please set spark.sql.streaming.forceDeleteTempCheckpointLocation to true. Important to know deleting temp checkpoint folder is best effort.
-------------------------------------------
Batch: 0
-------------------------------------------
+-----+---------+
|email|birthYear|
+-----+---------+
+-----+---------+

-------------------------------------------
Batch: 1
-------------------------------------------
+------------------+---------+
|             email|birthYear|
+------------------+---------+
|Dan.Olson@test.com|     1965|
+------------------+---------+

-------------------------------------------
Batch: 2
-------------------------------------------
+--------------------+---------+
|               email|birthYear|
+--------------------+---------+
|Dan.Jefferson@tes...|     1964|
|Eric.Harris@test.com|     1963|
|Spencer.Clayton@t...|     1962|
|John.Lincoln@test...|     1961|
|Craig.Anandh@test...|     1960|
|David.Lincoln@tes...|     1959|
|Jacob.Aristotle@t...|     1958|
|Frank.Jones@test.com|     1957|
|Larry.Smith@test.com|     1956|
|Sarah.Hansen@test...|     1955|
|David.Jackson@tes...|     1954|
|Trevor.Anderson@t...|     1953|
| Frank.Huey@test.com|     1952|
|Danny.Khatib@test...|     1951|
|Trevor.Fibonnaci@...|     1950|
|  Dan.Mitra@test.com|     1949|
|Suresh.Gonzalez@t...|     1948|
|Edward.Clark@test...|     1947|
|Christina.Gonzale...|     1946|
|Suresh.Howard@tes...|     1945|
+--------------------+---------+
only showing top 20 rows

-------------------------------------------
Batch: 3
-------------------------------------------
+-----+---------+
|email|birthYear|
+-----+---------+
+-----+---------+

-------------------------------------------
Batch: 4
-------------------------------------------
+-----+---------+
|email|birthYear|
+-----+---------+
+-----+---------+

-------------------------------------------
Batch: 5
-------------------------------------------
+-----+---------+
|email|birthYear|
+-----+---------+
+-----+---------+

-------------------------------------------
Batch: 6
-------------------------------------------
+-----+---------+
|email|birthYear|
+-----+---------+
+-----+---------+

-------------------------------------------
Batch: 7
-------------------------------------------
+-----+---------+
|email|birthYear|
+-----+---------+
+-----+---------+

-------------------------------------------
Batch: 8
-------------------------------------------
+-----+---------+
|email|birthYear|
+-----+---------+
+-----+---------+

-------------------------------------------
Batch: 9
-------------------------------------------
+-----+---------+
|email|birthYear|
+-----+---------+
+-----+---------+

-------------------------------------------
Batch: 10
-------------------------------------------
+-----+---------+
|email|birthYear|
+-----+---------+
+-----+---------+

-------------------------------------------
Batch: 11
-------------------------------------------
+-----+---------+
|email|birthYear|
+-----+---------+
+-----+---------+

-------------------------------------------
Batch: 12
-------------------------------------------
+-----+---------+
|email|birthYear|
+-----+---------+
+-----+---------+

-------------------------------------------
Batch: 13
-------------------------------------------
+-----+---------+
|email|birthYear|
+-----+---------+
+-----+---------+

-------------------------------------------
Batch: 14
-------------------------------------------
+-----+---------+
|email|birthYear|
+-----+---------+
+-----+---------+

-------------------------------------------
Batch: 15
-------------------------------------------
+-----+---------+
|email|birthYear|
+-----+---------+
+-----+---------+

-------------------------------------------
Batch: 16
-------------------------------------------
+-----+---------+
|email|birthYear|
+-----+---------+
+-----+---------+

-------------------------------------------
Batch: 17
-------------------------------------------
+-----+---------+
|email|birthYear|
+-----+---------+
+-----+---------+

-------------------------------------------
Batch: 18
-------------------------------------------
+-----+---------+
|email|birthYear|
+-----+---------+
+-----+---------+

-------------------------------------------
Batch: 19
-------------------------------------------
+-----+---------+
|email|birthYear|
+-----+---------+
+-----+---------+

-------------------------------------------
Batch: 20
-------------------------------------------
+-----+---------+
|email|birthYear|
+-----+---------+
+-----+---------+

-------------------------------------------
Batch: 21
-------------------------------------------
+-----+---------+
|email|birthYear|
+-----+---------+
+-----+---------+

-------------------------------------------
Batch: 22
-------------------------------------------
+-----+---------+
|email|birthYear|
+-----+---------+
+-----+---------+

-------------------------------------------
Batch: 23
-------------------------------------------
+-----+---------+
|email|birthYear|
+-----+---------+
+-----+---------+

-------------------------------------------
Batch: 24
-------------------------------------------
+-----+---------+
|email|birthYear|
+-----+---------+
+-----+---------+

-------------------------------------------
Batch: 25
-------------------------------------------
+-----+---------+
|email|birthYear|
+-----+---------+
+-----+---------+

-------------------------------------------
Batch: 26
-------------------------------------------
+-----+---------+
|email|birthYear|
+-----+---------+
+-----+---------+

-------------------------------------------
Batch: 27
-------------------------------------------
+-----+---------+
|email|birthYear|
+-----+---------+
+-----+---------+

-------------------------------------------
Batch: 28
-------------------------------------------
+-----+---------+
|email|birthYear|
+-----+---------+
+-----+---------+

-------------------------------------------
Batch: 29
-------------------------------------------
+-----+---------+
|email|birthYear|
+-----+---------+
+-----+---------+

-------------------------------------------
Batch: 30
-------------------------------------------
+-----+---------+
|email|birthYear|
+-----+---------+
+-----+---------+

-------------------------------------------
Batch: 31
-------------------------------------------
+-----+---------+
|email|birthYear|
+-----+---------+
+-----+---------+

-------------------------------------------
Batch: 32
-------------------------------------------
+-----+---------+
|email|birthYear|
+-----+---------+
+-----+---------+

-------------------------------------------
Batch: 33
-------------------------------------------
+-----+---------+
|email|birthYear|
+-----+---------+
+-----+---------+

-------------------------------------------
Batch: 34
-------------------------------------------
+-----+---------+
|email|birthYear|
+-----+---------+
+-----+---------+

-------------------------------------------
Batch: 35
-------------------------------------------
+-----+---------+
|email|birthYear|
+-----+---------+
+-----+---------+

-------------------------------------------
Batch: 36
-------------------------------------------
+-----+---------+
|email|birthYear|
+-----+---------+
+-----+---------+

-------------------------------------------
Batch: 37
-------------------------------------------
+-----+---------+
|email|birthYear|
+-----+---------+
+-----+---------+

-------------------------------------------
Batch: 38
-------------------------------------------
+-----+---------+
|email|birthYear|
+-----+---------+
+-----+---------+

-------------------------------------------
Batch: 39
-------------------------------------------
+-----+---------+
|email|birthYear|
+-----+---------+
+-----+---------+

-------------------------------------------
Batch: 40
-------------------------------------------
+-----+---------+
|email|birthYear|
+-----+---------+
+-----+---------+

-------------------------------------------
Batch: 41
-------------------------------------------
+-----+---------+
|email|birthYear|
+-----+---------+
+-----+---------+

-------------------------------------------
Batch: 42
-------------------------------------------
+-----+---------+
|email|birthYear|
+-----+---------+
+-----+---------+

-------------------------------------------
Batch: 43
-------------------------------------------
+-----+---------+
|email|birthYear|
+-----+---------+
+-----+---------+

-------------------------------------------
Batch: 44
-------------------------------------------
+-----+---------+
|email|birthYear|
+-----+---------+
+-----+---------+

-------------------------------------------
Batch: 45
-------------------------------------------
+-----+---------+
|email|birthYear|
+-----+---------+
+-----+---------+

-------------------------------------------
Batch: 46
-------------------------------------------
+-----+---------+
|email|birthYear|
+-----+---------+
+-----+---------+

-------------------------------------------
Batch: 47
-------------------------------------------
+-----+---------+
|email|birthYear|
+-----+---------+
+-----+---------+

-------------------------------------------
Batch: 48
-------------------------------------------
+-----+---------+
|email|birthYear|
+-----+---------+
+-----+---------+

-------------------------------------------
Batch: 49
-------------------------------------------
+-----+---------+
|email|birthYear|
+-----+---------+
+-----+---------+

-------------------------------------------
Batch: 50
-------------------------------------------
+-----+---------+
|email|birthYear|
+-----+---------+
+-----+---------+

-------------------------------------------
Batch: 51
-------------------------------------------
+-----+---------+
|email|birthYear|
+-----+---------+
+-----+---------+

-------------------------------------------
Batch: 52
-------------------------------------------
+-----+---------+
|email|birthYear|
+-----+---------+
+-----+---------+

-------------------------------------------
Batch: 53
-------------------------------------------
+-----+---------+
|email|birthYear|
+-----+---------+
+-----+---------+

-------------------------------------------
Batch: 54
-------------------------------------------
+-----+---------+
|email|birthYear|
+-----+---------+
+-----+---------+

-------------------------------------------
Batch: 55
-------------------------------------------
+-----+---------+
|email|birthYear|
+-----+---------+
+-----+---------+

-------------------------------------------
Batch: 56
-------------------------------------------
+-----+---------+
|email|birthYear|
+-----+---------+
+-----+---------+

-------------------------------------------
Batch: 57
-------------------------------------------
+-----+---------+
|email|birthYear|
+-----+---------+
+-----+---------+

-------------------------------------------
Batch: 58
-------------------------------------------
+-----+---------+
|email|birthYear|
+-----+---------+
+-----+---------+

-------------------------------------------
Batch: 59
-------------------------------------------
+-----+---------+
|email|birthYear|
+-----+---------+
+-----+---------+

-------------------------------------------
Batch: 60
-------------------------------------------
+-----+---------+
|email|birthYear|
+-----+---------+
+-----+---------+

-------------------------------------------
Batch: 61
-------------------------------------------
+-----+---------+
|email|birthYear|
+-----+---------+
+-----+---------+

-------------------------------------------
Batch: 62
-------------------------------------------
+-----+---------+
|email|birthYear|
+-----+---------+
+-----+---------+

-------------------------------------------
Batch: 63
-------------------------------------------
+-----+---------+
|email|birthYear|
+-----+---------+
+-----+---------+

-------------------------------------------
Batch: 64
-------------------------------------------
+-----+---------+
|email|birthYear|
+-----+---------+
+-----+---------+

-------------------------------------------
Batch: 65
-------------------------------------------
+-----+---------+
|email|birthYear|
+-----+---------+
+-----+---------+

-------------------------------------------
Batch: 66
-------------------------------------------
+-----+---------+
|email|birthYear|
+-----+---------+
+-----+---------+

-------------------------------------------
Batch: 67
-------------------------------------------
+-----+---------+
|email|birthYear|
+-----+---------+
+-----+---------+

-------------------------------------------
Batch: 68
-------------------------------------------
+-----+---------+
|email|birthYear|
+-----+---------+
+-----+---------+

-------------------------------------------
Batch: 69
-------------------------------------------
+-----+---------+
|email|birthYear|
+-----+---------+
+-----+---------+

-------------------------------------------
Batch: 70
-------------------------------------------
+-----+---------+
|email|birthYear|
+-----+---------+
+-----+---------+

-------------------------------------------
Batch: 71
-------------------------------------------
+-----+---------+
|email|birthYear|
+-----+---------+
+-----+---------+

-------------------------------------------
Batch: 72
-------------------------------------------
+-----+---------+
|email|birthYear|
+-----+---------+
+-----+---------+

-------------------------------------------
Batch: 73
-------------------------------------------
+-----+---------+
|email|birthYear|
+-----+---------+
+-----+---------+

-------------------------------------------
Batch: 74
-------------------------------------------
+-----+---------+
|email|birthYear|
+-----+---------+
+-----+---------+

-------------------------------------------
Batch: 75
-------------------------------------------
+-----+---------+
|email|birthYear|
+-----+---------+
+-----+---------+

-------------------------------------------
Batch: 76
-------------------------------------------
+-----+---------+
|email|birthYear|
+-----+---------+
+-----+---------+

-------------------------------------------
Batch: 77
-------------------------------------------
+-----+---------+
|email|birthYear|
+-----+---------+
+-----+---------+

-------------------------------------------
Batch: 78
-------------------------------------------
+-----+---------+
|email|birthYear|
+-----+---------+
+-----+---------+

-------------------------------------------
Batch: 79
-------------------------------------------
+-----+---------+
|email|birthYear|
+-----+---------+
+-----+---------+

-------------------------------------------
Batch: 80
-------------------------------------------
+-----+---------+
|email|birthYear|
+-----+---------+
+-----+---------+

-------------------------------------------
Batch: 81
-------------------------------------------
+-----+---------+
|email|birthYear|
+-----+---------+
+-----+---------+

-------------------------------------------
Batch: 82
-------------------------------------------
+-----+---------+
|email|birthYear|
+-----+---------+
+-----+---------+

-------------------------------------------
Batch: 83
-------------------------------------------
+-----+---------+
|email|birthYear|
+-----+---------+
+-----+---------+

-------------------------------------------
Batch: 84
-------------------------------------------
+-----+---------+
|email|birthYear|
+-----+---------+
+-----+---------+

-------------------------------------------
Batch: 85
-------------------------------------------
+-----+---------+
|email|birthYear|
+-----+---------+
+-----+---------+

-------------------------------------------
Batch: 86
-------------------------------------------
+-----+---------+
|email|birthYear|
+-----+---------+
+-----+---------+

-------------------------------------------
Batch: 87
-------------------------------------------
+-----+---------+
|email|birthYear|
+-----+---------+
+-----+---------+

-------------------------------------------
Batch: 88
-------------------------------------------
+-----+---------+
|email|birthYear|
+-----+---------+
+-----+---------+

-------------------------------------------
Batch: 89
-------------------------------------------
+-----+---------+
|email|birthYear|
+-----+---------+
+-----+---------+

-------------------------------------------
Batch: 90
-------------------------------------------
+-----+---------+
|email|birthYear|
+-----+---------+
+-----+---------+

-------------------------------------------
Batch: 91
-------------------------------------------
+-----+---------+
|email|birthYear|
+-----+---------+
+-----+---------+

-------------------------------------------
Batch: 92
-------------------------------------------
+-----+---------+
|email|birthYear|
+-----+---------+
+-----+---------+

-------------------------------------------
Batch: 93
-------------------------------------------
+-----+---------+
|email|birthYear|
+-----+---------+
+-----+---------+

-------------------------------------------
Batch: 94
-------------------------------------------
+-----+---------+
|email|birthYear|
+-----+---------+
+-----+---------+

-------------------------------------------
Batch: 95
-------------------------------------------
+-----+---------+
|email|birthYear|
+-----+---------+
+-----+---------+

-------------------------------------------
Batch: 96
-------------------------------------------
+-----+---------+
|email|birthYear|
+-----+---------+
+-----+---------+

-------------------------------------------
Batch: 97
-------------------------------------------
+-----+---------+
|email|birthYear|
+-----+---------+
+-----+---------+

-------------------------------------------
Batch: 98
-------------------------------------------
+-----+---------+
|email|birthYear|
+-----+---------+
+-----+---------+

-------------------------------------------
Batch: 99
-------------------------------------------
+-----+---------+
|email|birthYear|
+-----+---------+
+-----+---------+

-------------------------------------------
Batch: 100
-------------------------------------------
+-----+---------+
|email|birthYear|
+-----+---------+
+-----+---------+

-------------------------------------------
Batch: 101
-------------------------------------------
+-----+---------+
|email|birthYear|
+-----+---------+
+-----+---------+

-------------------------------------------
Batch: 102
-------------------------------------------
+-----+---------+
|email|birthYear|
+-----+---------+
+-----+---------+

-------------------------------------------
Batch: 103
-------------------------------------------
+-----+---------+
|email|birthYear|
+-----+---------+
+-----+---------+

-------------------------------------------
Batch: 104
-------------------------------------------
+-----+---------+
|email|birthYear|
+-----+---------+
+-----+---------+

-------------------------------------------
Batch: 105
-------------------------------------------
+-----+---------+
|email|birthYear|
+-----+---------+
+-----+---------+

-------------------------------------------
Batch: 106
-------------------------------------------
+-----+---------+
|email|birthYear|
+-----+---------+
+-----+---------+

-------------------------------------------
Batch: 107
-------------------------------------------
+-----+---------+
|email|birthYear|
+-----+---------+
+-----+---------+

-------------------------------------------
Batch: 108
-------------------------------------------
+-----+---------+
|email|birthYear|
+-----+---------+
+-----+---------+

-------------------------------------------
Batch: 109
-------------------------------------------
+-----+---------+
|email|birthYear|
+-----+---------+
+-----+---------+

-------------------------------------------
Batch: 110
-------------------------------------------
+-----+---------+
|email|birthYear|
+-----+---------+
+-----+---------+

-------------------------------------------
Batch: 111
-------------------------------------------
+-----+---------+
|email|birthYear|
+-----+---------+
+-----+---------+

-------------------------------------------
Batch: 112
-------------------------------------------
+-----+---------+
|email|birthYear|
+-----+---------+
+-----+---------+

-------------------------------------------
Batch: 113
-------------------------------------------
+-----+---------+
|email|birthYear|
+-----+---------+
+-----+---------+

-------------------------------------------
Batch: 114
-------------------------------------------
+-----+---------+
|email|birthYear|
+-----+---------+
+-----+---------+

-------------------------------------------
Batch: 115
-------------------------------------------
+-----+---------+
|email|birthYear|
+-----+---------+
+-----+---------+

-------------------------------------------
Batch: 116
-------------------------------------------
+-----+---------+
|email|birthYear|
+-----+---------+
+-----+---------+

-------------------------------------------
Batch: 117
-------------------------------------------
+-----+---------+
|email|birthYear|
+-----+---------+
+-----+---------+

-------------------------------------------
Batch: 118
-------------------------------------------
+-----+---------+
|email|birthYear|
+-----+---------+
+-----+---------+

-------------------------------------------
Batch: 119
-------------------------------------------
+-----+---------+
|email|birthYear|
+-----+---------+
+-----+---------+

-------------------------------------------
Batch: 120
-------------------------------------------
+-----+---------+
|email|birthYear|
+-----+---------+
+-----+---------+

-------------------------------------------
Batch: 121
-------------------------------------------
+-----+---------+
|email|birthYear|
+-----+---------+
+-----+---------+

-------------------------------------------
Batch: 122
-------------------------------------------
+-----+---------+
|email|birthYear|
+-----+---------+
+-----+---------+

-------------------------------------------
Batch: 123
-------------------------------------------
+-----+---------+
|email|birthYear|
+-----+---------+
+-----+---------+

-------------------------------------------
Batch: 124
-------------------------------------------
+-----+---------+
|email|birthYear|
+-----+---------+
+-----+---------+

-------------------------------------------
Batch: 125
-------------------------------------------
+-----+---------+
|email|birthYear|
+-----+---------+
+-----+---------+

-------------------------------------------
Batch: 126
-------------------------------------------
+-----+---------+
|email|birthYear|
+-----+---------+
+-----+---------+

-------------------------------------------
Batch: 127
-------------------------------------------
+-----+---------+
|email|birthYear|
+-----+---------+
+-----+---------+

-------------------------------------------
Batch: 128
-------------------------------------------
+-----+---------+
|email|birthYear|
+-----+---------+
+-----+---------+

-------------------------------------------
Batch: 129
-------------------------------------------
+-----+---------+
|email|birthYear|
+-----+---------+
+-----+---------+

-------------------------------------------
Batch: 130
-------------------------------------------
+-----+---------+
|email|birthYear|
+-----+---------+
+-----+---------+


